[0.105s] Invoking command in '/root/tello_ros_ws/build/tello_driver': CMAKE_PREFIX_PATH=/root/tello_ros_ws/install/tello_msgs:/root/tello_ros_ws/install/ros2_shared:/root/tello_ros_ws/install/tello_gazebo:/root/tello_ros_ws/install/tello_driver:/root/tello_ros_ws/install/tello_description:/root/tello_ros_ws/install/tello_cv:/opt/ros/foxy LD_LIBRARY_PATH=/root/tello_ros_ws/install/tello_msgs/lib:/root/tello_ros_ws/install/tello_gazebo/lib:/root/tello_ros_ws/install/tello_driver/lib:/usr/lib/x86_64-linux-gnu/gazebo-11/plugins:/opt/ros/foxy/opt/yaml_cpp_vendor/lib:/opt/ros/foxy/opt/rviz_ogre_vendor/lib:/opt/ros/foxy/lib/x86_64-linux-gnu:/opt/ros/foxy/lib /usr/bin/cmake --build /root/tello_ros_ws/build/tello_driver -- -j32 -l32
[0.140s] [35m[1mScanning dependencies of target tello_driver_node[0m
[0.142s] [35m[1mScanning dependencies of target tello_driver_main[0m
[0.143s] [  9%] Built target tello_emulator
[0.150s] [ 18%] Built target tello_joy_node
[0.152s] [ 31%] Built target tello_joy_main
[0.171s] [ 36%] [32mBuilding CXX object CMakeFiles/tello_driver_node.dir/src/video_socket.cpp.o[0m
[0.182s] [ 40%] [32mBuilding CXX object CMakeFiles/tello_driver_main.dir/src/video_socket.cpp.o[0m
[1.072s] [01m[K/root/tello_ros_ws/src/tello_driver/src/video_socket.cpp:[m[K In member function â€˜[01m[Kvoid tello_driver::VideoSocket::decode_frames()[m[Kâ€™:
[1.072s] [01m[K/root/tello_ros_ws/src/tello_driver/src/video_socket.cpp:106:85:[m[K [01;31m[Kerror: [m[Kâ€˜[01m[Kmat[m[Kâ€™ was not declared in this scope
[1.072s]   106 |             cv_bridge::CvImage cv_image{header, sensor_msgs::image_encodings::BGR8, [01;31m[Kmat[m[K};
[1.072s]       |                                                                                     [01;31m[K^~~[m[K
[1.072s] [01m[K/root/tello_ros_ws/src/tello_driver/src/video_socket.cpp:106:88:[m[K [01;31m[Kerror: [m[Kno matching function for call to â€˜[01m[Kcv_bridge::CvImage::CvImage(<brace-enclosed initializer list>)[m[Kâ€™
[1.072s]   106 |             cv_bridge::CvImage cv_image{header, sensor_msgs::image_encodings::BGR8, mat[01;31m[K}[m[K;
[1.072s]       |                                                                                        [01;31m[K^[m[K
[1.072s] In file included from [01m[K/root/tello_ros_ws/src/tello_driver/include/tello_driver_node.hpp:4[m[K,
[1.072s]                  from [01m[K/root/tello_ros_ws/src/tello_driver/src/video_socket.cpp:1[m[K:
[1.072s] [01m[K/opt/ros/foxy/include/cv_bridge/cv_bridge.h:100:3:[m[K [01;36m[Knote: [m[Kcandidate: â€˜[01m[Kcv_bridge::CvImage::CvImage(const Header&, const string&, const cv::Mat&)[m[Kâ€™
[1.072s]   100 |   [01;36m[KCvImage[m[K(
[1.073s]       |   [01;36m[K^~~~~~~[m[K
[1.073s] [01m[K/opt/ros/foxy/include/cv_bridge/cv_bridge.h:100:3:[m[K [01;36m[Knote: [m[K  conversion of argument 3 would be ill-formed:
[1.073s] [01m[K/opt/ros/foxy/include/cv_bridge/cv_bridge.h:95:3:[m[K [01;36m[Knote: [m[Kcandidate: â€˜[01m[Kcv_bridge::CvImage::CvImage()[m[Kâ€™
[1.073s]    95 |   [01;36m[KCvImage[m[K() {}
[1.073s]       |   [01;36m[K^~~~~~~[m[K
[1.073s] [01m[K/opt/ros/foxy/include/cv_bridge/cv_bridge.h:95:3:[m[K [01;36m[Knote: [m[K  candidate expects 0 arguments, 3 provided
[1.073s] [01m[K/opt/ros/foxy/include/cv_bridge/cv_bridge.h:85:24:[m[K [01;36m[Knote: [m[Kcandidate: â€˜[01m[Kcv_bridge::CvImage::CvImage(const cv_bridge::CvImage&)[m[Kâ€™
[1.073s]    85 | class CV_BRIDGE_EXPORT [01;36m[KCvImage[m[K
[1.073s]       |                        [01;36m[K^~~~~~~[m[K
[1.073s] [01m[K/opt/ros/foxy/include/cv_bridge/cv_bridge.h:85:24:[m[K [01;36m[Knote: [m[K  candidate expects 1 argument, 3 provided
[1.073s] [01m[K/opt/ros/foxy/include/cv_bridge/cv_bridge.h:85:24:[m[K [01;36m[Knote: [m[Kcandidate: â€˜[01m[Kcv_bridge::CvImage::CvImage(cv_bridge::CvImage&&)[m[Kâ€™
[1.073s] [01m[K/opt/ros/foxy/include/cv_bridge/cv_bridge.h:85:24:[m[K [01;36m[Knote: [m[K  candidate expects 1 argument, 3 provided
[1.073s] [01m[K/root/tello_ros_ws/src/tello_driver/src/video_socket.cpp:[m[K In member function â€˜[01m[Kvoid tello_driver::VideoSocket::decode_frames()[m[Kâ€™:
[1.073s] [01m[K/root/tello_ros_ws/src/tello_driver/src/video_socket.cpp:106:85:[m[K [01;31m[Kerror: [m[Kâ€˜[01m[Kmat[m[Kâ€™ was not declared in this scope
[1.073s]   106 |             cv_bridge::CvImage cv_image{header, sensor_msgs::image_encodings::BGR8, [01;31m[Kmat[m[K};
[1.073s]       |                                                                                     [01;31m[K^~~[m[K
[1.073s] [01m[K/root/tello_ros_ws/src/tello_driver/src/video_socket.cpp:106:88:[m[K [01;31m[Kerror: [m[Kno matching function for call to â€˜[01m[Kcv_bridge::CvImage::CvImage(<brace-enclosed initializer list>)[m[Kâ€™
[1.073s]   106 |             cv_bridge::CvImage cv_image{header, sensor_msgs::image_encodings::BGR8, mat[01;31m[K}[m[K;
[1.073s]       |                                                                                        [01;31m[K^[m[K
[1.073s] In file included from [01m[K/root/tello_ros_ws/src/tello_driver/include/tello_driver_node.hpp:4[m[K,
[1.073s]                  from [01m[K/root/tello_ros_ws/src/tello_driver/src/video_socket.cpp:1[m[K:
[1.074s] [01m[K/opt/ros/foxy/include/cv_bridge/cv_bridge.h:100:3:[m[K [01;36m[Knote: [m[Kcandidate: â€˜[01m[Kcv_bridge::CvImage::CvImage(const Header&, const string&, const cv::Mat&)[m[Kâ€™
[1.074s]   100 |   [01;36m[KCvImage[m[K(
[1.074s]       |   [01;36m[K^~~~~~~[m[K
[1.074s] [01m[K/opt/ros/foxy/include/cv_bridge/cv_bridge.h:100:3:[m[K [01;36m[Knote: [m[K  conversion of argument 3 would be ill-formed:
[1.074s] [01m[K/opt/ros/foxy/include/cv_bridge/cv_bridge.h:95:3:[m[K [01;36m[Knote: [m[Kcandidate: â€˜[01m[Kcv_bridge::CvImage::CvImage()[m[Kâ€™
[1.074s]    95 |   [01;36m[KCvImage[m[K() {}
[1.074s]       |   [01;36m[K^~~~~~~[m[K
[1.074s] [01m[K/opt/ros/foxy/include/cv_bridge/cv_bridge.h:95:3:[m[K [01;36m[Knote: [m[K  candidate expects 0 arguments, 3 provided
[1.074s] [01m[K/opt/ros/foxy/include/cv_bridge/cv_bridge.h:85:24:[m[K [01;36m[Knote: [m[Kcandidate: â€˜[01m[Kcv_bridge::CvImage::CvImage(const cv_bridge::CvImage&)[m[Kâ€™
[1.074s]    85 | class CV_BRIDGE_EXPORT [01;36m[KCvImage[m[K
[1.074s]       |                        [01;36m[K^~~~~~~[m[K
[1.074s] [01m[K/opt/ros/foxy/include/cv_bridge/cv_bridge.h:85:24:[m[K [01;36m[Knote: [m[K  candidate expects 1 argument, 3 provided
[1.074s] [01m[K/opt/ros/foxy/include/cv_bridge/cv_bridge.h:85:24:[m[K [01;36m[Knote: [m[Kcandidate: â€˜[01m[Kcv_bridge::CvImage::CvImage(cv_bridge::CvImage&&)[m[Kâ€™
[1.074s] [01m[K/opt/ros/foxy/include/cv_bridge/cv_bridge.h:85:24:[m[K [01;36m[Knote: [m[K  candidate expects 1 argument, 3 provided
[1.330s] make[2]: *** [CMakeFiles/tello_driver_main.dir/build.make:128: CMakeFiles/tello_driver_main.dir/src/video_socket.cpp.o] Error 1
[1.330s] make[1]: *** [CMakeFiles/Makefile2:140: CMakeFiles/tello_driver_main.dir/all] Error 2
[1.330s] make[1]: *** Waiting for unfinished jobs....
[1.334s] make[2]: *** [CMakeFiles/tello_driver_node.dir/build.make:115: CMakeFiles/tello_driver_node.dir/src/video_socket.cpp.o] Error 1
[1.334s] make[1]: *** [CMakeFiles/Makefile2:113: CMakeFiles/tello_driver_node.dir/all] Error 2
[1.334s] make: *** [Makefile:141: all] Error 2
[1.336s] Invoked command in '/root/tello_ros_ws/build/tello_driver' returned '2': CMAKE_PREFIX_PATH=/root/tello_ros_ws/install/tello_msgs:/root/tello_ros_ws/install/ros2_shared:/root/tello_ros_ws/install/tello_gazebo:/root/tello_ros_ws/install/tello_driver:/root/tello_ros_ws/install/tello_description:/root/tello_ros_ws/install/tello_cv:/opt/ros/foxy LD_LIBRARY_PATH=/root/tello_ros_ws/install/tello_msgs/lib:/root/tello_ros_ws/install/tello_gazebo/lib:/root/tello_ros_ws/install/tello_driver/lib:/usr/lib/x86_64-linux-gnu/gazebo-11/plugins:/opt/ros/foxy/opt/yaml_cpp_vendor/lib:/opt/ros/foxy/opt/rviz_ogre_vendor/lib:/opt/ros/foxy/lib/x86_64-linux-gnu:/opt/ros/foxy/lib /usr/bin/cmake --build /root/tello_ros_ws/build/tello_driver -- -j32 -l32
